Success (9):
datatype 1944 {https://test79.appianci.net/suite/types/}TEST_cdt "{https://test79.appianci.net/suite/types/}TEST_cdt"
dataStore 2030 _a-0000db64-d317-8000-0315-010000010000_2029 "TEST DS"
content 2020 _a-0000db64-d317-8000-0315-010000010000_2020 "TEST Rule Folder"
content 2021 d6a0ccac-8601-4d2d-91e3-368ada057b74 "TEST_dashboard"
content 2022 834bc680-32b0-46e6-9f3b-c42977b9253e "TEST_rule"
processModelFolder 1 _g-0000db64-d319-8000-0316-010000010000_1 "TEST Process Models Folder"
processModel 0 0003db65-da22-8000-0316-010000010000 "TEST Process Model"
application 2028 _a-0000db64-d317-8000-0315-010000010000_2028 "Test Application"
recordType 2 96bef044-77f0-4e9f-a515-bee5ae0a1588 "TEST Record"

Trace:
2015-07-17 13:43:40.162 DEBUG application 2028 _a-0000db64-d317-8000-0315-010000010000_2028 Begin transport.
2015-07-17 13:43:40.162 DEBUG application 2028 _a-0000db64-d317-8000-0315-010000010000_2028 Retrieving object data.
2015-07-17 13:43:40.164 DEBUG application 2028 _a-0000db64-d317-8000-0315-010000010000_2028 App associated objects: GlobalIdMap[datatype=[{https://test79.appianci.net/suite/types/}TEST_cdt],dataStore=[_a-0000db64-d317-8000-0315-010000010000_2029],content=[d6a0ccac-8601-4d2d-91e3-368ada057b74, 834bc680-32b0-46e6-9f3b-c42977b9253e, _a-0000db64-d317-8000-0315-010000010000_2020],processModelFolder=[_g-0000db64-d319-8000-0316-010000010000_1],processModel=[0003db65-da22-8000-0316-010000010000],recordType=[96bef044-77f0-4e9f-a515-bee5ae0a1588]]
2015-07-17 13:43:40.17 DEBUG application 2028 _a-0000db64-d317-8000-0315-010000010000_2028 Invalid associated objects: GlobalIdMap[]
2015-07-17 13:43:40.17 DEBUG application 2028 _a-0000db64-d317-8000-0315-010000010000_2028 Adding valid associated objects to be exported: GlobalBindingMap[datatype={{https://test79.appianci.net/suite/types/}TEST_cdt=1944},dataStore={_a-0000db64-d317-8000-0315-010000010000_2029=2030},content={d6a0ccac-8601-4d2d-91e3-368ada057b74=2021, 834bc680-32b0-46e6-9f3b-c42977b9253e=2022, _a-0000db64-d317-8000-0315-010000010000_2020=2020},processModelFolder={_g-0000db64-d319-8000-0316-010000010000_1=1},processModel={0003db65-da22-8000-0316-010000010000=0},recordType={96bef044-77f0-4e9f-a515-bee5ae0a1588=2}]
2015-07-17 13:43:40.17 DEBUG application 2028 _a-0000db64-d317-8000-0315-010000010000_2028 Setting uuids of object references.
2015-07-17 13:43:40.171 DEBUG application 2028 _a-0000db64-d317-8000-0315-010000010000_2028 Processing reference: Application.forum
2015-07-17 13:43:40.171 DEBUG application 2028 _a-0000db64-d317-8000-0315-010000010000_2028 Processing reference: Application.parent
2015-07-17 13:43:40.172 DEBUG application 2028 _a-0000db64-d317-8000-0315-010000010000_2028 Processing reference: com.appiancorp.suiteapi.content.ContentRoleMap@338ead2b[
  ContentRole[name=readers,inherit=false,allowForAll=false]
  ContentRole[name=authors,inherit=false,allowForAll=false]
  ContentRole[name=administrators,usernames=[Administrator],inherit=false,allowForAll=false]
  ContentRole[name=denyReaders,inherit=false,allowForAll=false]
  ContentRole[name=denyAuthors,inherit=false,allowForAll=false]
  ContentRole[name=denyAdministrators,inherit=false,allowForAll=false]
  securityVector=129:SEC_PUBLIC=true,SEC_CREATOR_ADMIN=true,SEC_INH_ADMIN=false,SEC_INH_EDITOR=false,SEC_INH_VIEWER=false,SEC_ALL_ADMIN=false,SEC_ALL_EDITOR=false,SEC_ALL_VIEWER=false
]
2015-07-17 13:43:40.172 DEBUG application 2028 _a-0000db64-d317-8000-0315-010000010000_2028 Processing reference: ContentRole[name=readers,inherit=false,allowForAll=false]
2015-07-17 13:43:40.173 DEBUG application 2028 _a-0000db64-d317-8000-0315-010000010000_2028 Processing reference: ContentRole[name=authors,inherit=false,allowForAll=false]
2015-07-17 13:43:40.173 DEBUG application 2028 _a-0000db64-d317-8000-0315-010000010000_2028 Processing reference: ContentRole[name=administrators,usernames=[Administrator],inherit=false,allowForAll=false]
2015-07-17 13:43:40.174 DEBUG application 2028 _a-0000db64-d317-8000-0315-010000010000_2028 Processing reference: ContentRole[name=denyReaders,inherit=false,allowForAll=false]
2015-07-17 13:43:40.174 DEBUG application 2028 _a-0000db64-d317-8000-0315-010000010000_2028 Processing reference: ContentRole[name=denyAuthors,inherit=false,allowForAll=false]
2015-07-17 13:43:40.174 DEBUG application 2028 _a-0000db64-d317-8000-0315-010000010000_2028 Processing reference: ContentRole[name=denyAdministrators,inherit=false,allowForAll=false]
2015-07-17 13:43:40.174 DEBUG datatype 1944 {https://test79.appianci.net/suite/types/}TEST_cdt Begin transport.
2015-07-17 13:43:40.174 DEBUG datatype 1944 {https://test79.appianci.net/suite/types/}TEST_cdt Retrieving object data.
2015-07-17 13:43:40.24 DEBUG datatype 1944 {https://test79.appianci.net/suite/types/}TEST_cdt Setting uuids of object references.
2015-07-17 13:43:40.266 DEBUG datatype 1944 {https://test79.appianci.net/suite/types/}TEST_cdt Exporting binary resources.
2015-07-17 13:43:40.266 DEBUG datatype 1944 {https://test79.appianci.net/suite/types/}TEST_cdt Serializing object to XML.
2015-07-17 13:43:40.267 DEBUG datatype 1944 {https://test79.appianci.net/suite/types/}TEST_cdt Object transported.
2015-07-17 13:43:40.268 DEBUG dataStore 2030 _a-0000db64-d317-8000-0315-010000010000_2029 Begin transport.
2015-07-17 13:43:40.268 DEBUG dataStore 2030 _a-0000db64-d317-8000-0315-010000010000_2029 Retrieving object data.
2015-07-17 13:43:40.277 DEBUG dataStore 2030 _a-0000db64-d317-8000-0315-010000010000_2029 Setting uuids of object references.
2015-07-17 13:43:40.277 DEBUG dataStore 2030 _a-0000db64-d317-8000-0315-010000010000_2029 Processing reference: datatypeRef[id=1944]
2015-07-17 13:43:40.278 DEBUG dataStore 2030 _a-0000db64-d317-8000-0315-010000010000_2029 Processing reference: ContentRole[name=administrators,usernames=[Administrator],inherit=false,allowForAll=false]
2015-07-17 13:43:40.279 DEBUG dataStore 2030 _a-0000db64-d317-8000-0315-010000010000_2029 Processing reference: ContentRole[name=authors,inherit=false,allowForAll=false]
2015-07-17 13:43:40.279 DEBUG dataStore 2030 _a-0000db64-d317-8000-0315-010000010000_2029 Processing reference: ContentRole[name=denyAdministrators,inherit=false,allowForAll=false]
2015-07-17 13:43:40.279 DEBUG dataStore 2030 _a-0000db64-d317-8000-0315-010000010000_2029 Processing reference: ContentRole[name=denyAuthors,inherit=false,allowForAll=false]
2015-07-17 13:43:40.279 DEBUG dataStore 2030 _a-0000db64-d317-8000-0315-010000010000_2029 Processing reference: ContentRole[name=denyReaders,inherit=false,allowForAll=false]
2015-07-17 13:43:40.279 DEBUG dataStore 2030 _a-0000db64-d317-8000-0315-010000010000_2029 Processing reference: ContentRole[name=readers,inherit=false,allowForAll=false]
2015-07-17 13:43:40.279 DEBUG dataStore 2030 _a-0000db64-d317-8000-0315-010000010000_2029 Exporting binary resources.
2015-07-17 13:43:40.279 DEBUG dataStore 2030 _a-0000db64-d317-8000-0315-010000010000_2029 Serializing object to XML.
2015-07-17 13:43:40.289 DEBUG dataStore 2030 _a-0000db64-d317-8000-0315-010000010000_2029 Object transported.
2015-07-17 13:43:40.29 DEBUG content 2021 d6a0ccac-8601-4d2d-91e3-368ada057b74 Begin transport.
2015-07-17 13:43:40.29 DEBUG content 2021 d6a0ccac-8601-4d2d-91e3-368ada057b74 Retrieving object data.
2015-07-17 13:43:40.292 DEBUG content 2021 d6a0ccac-8601-4d2d-91e3-368ada057b74 Setting uuids of object references.
2015-07-17 13:43:40.292 DEBUG content 2021 d6a0ccac-8601-4d2d-91e3-368ada057b74 Processing reference: [Content:id=2021,versionId=-1,name=TEST_dashboard,description=,type=32,subtype=1,uuid=d6a0ccac-8601-4d2d-91e3-368ada057b74,parent=2020,parentName=TEST Rule Folder,parentType=2,log=2021,logName=TEST_dashboard,state=255,visibility=35,security=143,creator=Administrator,createdTimestamp=2015-07-16 19:38:13.0,updatedTimestamp=2015-07-16 19:38:13.0,metadataIds=[],size=0,lockedBy=,changesRequireApproval=false,attributes={dep_rules=[Ljava.lang.Long;@14fb4b0e, system=0, preferredEditor=interface, hidden=0, offlineEnabled=false, ruletype=1, dep_functions=[Ljava.lang.String;@1bb20082, definition==#"SYSTEM_SYSRULES_dashboardLayout"(
  firstColumnContents: {
    #"SYSTEM_SYSRULES_milestoneField"(
      labelPosition: "COLLAPSED",
      steps: {"Requested", "Approved", "Submitted to Vendor", "Received"},
      active: 3
    ),
    #"SYSTEM_SYSRULES_sectionLayout"(
      firstColumnContents: {
        #"SYSTEM_SYSRULES_textField"(
          label: "PR #",
          labelPosition: "ADJACENT",
          value: "123456789",
          readOnly: true
        ),
        #"SYSTEM_SYSRULES_pickerFieldUsers"(
          label: "Requested By",
          labelPosition: "ADJACENT",
          value: loggedInUser(),
          readOnly: true
        ),
        #"SYSTEM_SYSRULES_textField"(
          label: "Department",
          labelPosition: "ADJACENT",
          value: "Sales",
          readOnly: true
        ),
        #"SYSTEM_SYSRULES_dateField"(
          label: "Due Date",
          labelPosition: "ADJACENT",
          value: today(),
          readOnly: true
        )
      },
      secondColumnContents: {
        #"SYSTEM_SYSRULES_textField"(
          label: "Shipping Address",
          labelPosition: "ADJACENT",
          value: "123 Sesame Street",
          readOnly: true
        ),
        #"SYSTEM_SYSRULES_textField"(
          label: "City",
          labelPosition: "ADJACENT",
          value: "New York",
          readOnly: true
        ),
        #"SYSTEM_SYSRULES_textField"(
          label: "State/Province",
          labelPosition: "ADJACENT",
          value: "NY",
          readOnly: true
        ),
        #"SYSTEM_SYSRULES_textField"(
          label: "Zip/Postal Code",
          labelPosition: "ADJACENT",
          value: "12345",
          readOnly: true
        )
      }
    ),
    #"SYSTEM_SYSRULES_sectionLayout"(
      label: "Items",
      firstColumnContents: {
        /* This grid is not configured to page or sort */
        #"SYSTEM_SYSRULES_gridField"(
          labelPosition: "ABOVE",
          totalCount: 5,
          columns: {
            #"SYSTEM_SYSRULES_gridTextColumn"(label: "Description", data: {"Mobile device for demos", "Video software upgrade", "Device accessories"}),
            #"SYSTEM_SYSRULES_gridTextColumn"(label: "Category", data: {"Hardware", "Software", "Miscellaneous"}),
            #"SYSTEM_SYSRULES_gridTextColumn"(label: "Qty", data: {2, 1, 2}, alignment: "RIGHT"),
            #"SYSTEM_SYSRULES_gridTextColumn"(label: "Unit Price", data: {dollar({150, 50.99, 30.99}), "Total"}, alignment: "RIGHT"),
            #"SYSTEM_SYSRULES_gridTextColumn"(label: "Amount", data: dollar({300, 50.99, 61.98, 412.97}), alignment: "RIGHT")
          },
          value: #"SYSTEM_SYSRULES_pagingInfo"(startIndex: 1, batchSize: 5),
          saveInto: {}
        )
      },
      secondColumnContents: {}
    ),
    #"SYSTEM_SYSRULES_sectionLayout"(
      label: "Approval",
      firstColumnContents: {
        #"SYSTEM_SYSRULES_textField"(
          label: "Approved By",
          labelPosition: "ADJACENT",
          value: "Paul Smith",
          readOnly: true
        ),
        #"SYSTEM_SYSRULES_dateField"(
          label: "Approved On",
          labelPosition: "ADJACENT",
          value: today(),
          readOnly: true
        ),
        #"SYSTEM_SYSRULES_paragraphField"(
          label: "Comments",
          labelPosition: "ADJACENT",
          value: "These items are necessary for an upcoming client demo and there is sufficient budget to cover the cost of the items.",
          readOnly: true
        )
      },
      secondColumnContents: {
        #"SYSTEM_SYSRULES_imageField"(
          labelPosition: "COLLAPSED",
          images: {
            #"SYSTEM_SYSRULES_documentImage"(
              document: #"SYSTEM_SYSRULES_expd_exampleSignatureImage"(),
              altText: "Paul Smith signature",
              /* This is an example image that should not be used outside of this template. Instead, use a constant or variable that references your image. */
              caption: "Paul Smith"
            )
          },
          size: "STANDARD"
        )
      }
    ),
    #"SYSTEM_SYSRULES_sectionLayout"(
      label: "Vendor Information",
      firstColumnContents: {
        #"SYSTEM_SYSRULES_textField"(
          label: "Vendor",
          labelPosition: "ADJACENT",
          value: "Mobile Device Company",
          readOnly: true
        ),
        #"SYSTEM_SYSRULES_textField"(
          label: "Contact",
          labelPosition: "ADJACENT",
          value: "John Coleman",
          readOnly: true
        ),
        #"SYSTEM_SYSRULES_textField"(
          label: "Phone",
          labelPosition: "ADJACENT",
          value: "(123) 456-7890",
          readOnly: true
        ),
        #"SYSTEM_SYSRULES_textField"(
          label: "Email",
          labelPosition: "ADJACENT",
          value: "companyA@example.com",
          readOnly: true
        )
      },
      secondColumnContents: {
        #"SYSTEM_SYSRULES_textField"(
          label: "Address",
          labelPosition: "ADJACENT",
          value: "456 Sesame Street",
          readOnly: true
        ),
        #"SYSTEM_SYSRULES_textField"(
          label: "City",
          labelPosition: "ADJACENT",
          value: "New York",
          readOnly: true
        ),
        #"SYSTEM_SYSRULES_textField"(
          label: "State/Province",
          labelPosition: "ADJACENT",
          value: "NY",
          readOnly: true
        ),
        #"SYSTEM_SYSRULES_textField"(
          label: "Zip/Postal Code",
          labelPosition: "ADJACENT",
          value: "12345",
          readOnly: true
        )
      }
    )
  },
  secondColumnContents: {}
), dep_types=[Ljava.lang.String;@1ca6b173, parameters=[Lcom.appiancorp.suiteapi.process.TypedVariable;@30e24f67, dep_variables=[[Ljava.lang.String;@7e8fc14e},partition=1,partitionName=/usr/local/appian/ae/_admin/accdocs1]
2015-07-17 13:43:40.295 DEBUG content 2021 d6a0ccac-8601-4d2d-91e3-368ada057b74 Processing reference: FreeformRule.forum
2015-07-17 13:43:40.295 DEBUG content 2021 d6a0ccac-8601-4d2d-91e3-368ada057b74 Processing reference: FreeformRule.parent
2015-07-17 13:43:40.297 DEBUG content 2020 _a-0000db64-d317-8000-0315-010000010000_2020 Begin transport.
2015-07-17 13:43:40.297 DEBUG content 2020 _a-0000db64-d317-8000-0315-010000010000_2020 Retrieving object data.
2015-07-17 13:43:40.299 DEBUG content 2020 _a-0000db64-d317-8000-0315-010000010000_2020 Setting uuids of object references.
2015-07-17 13:43:40.299 DEBUG content 2020 _a-0000db64-d317-8000-0315-010000010000_2020 Processing reference: RulesFolder.forum
2015-07-17 13:43:40.299 DEBUG content 2020 _a-0000db64-d317-8000-0315-010000010000_2020 Processing reference: RulesFolder.parent
2015-07-17 13:43:40.301 DEBUG content 2020 _a-0000db64-d317-8000-0315-010000010000_2020 Processing reference: com.appiancorp.suiteapi.content.ContentRoleMap@596d9fd1[
  ContentRole[name=readers,inherit=true,allowForAll=false]
  ContentRole[name=authors,inherit=true,allowForAll=false]
  ContentRole[name=administrators,usernames=[Administrator],inherit=true,allowForAll=false]
  ContentRole[name=denyReaders,inherit=false,allowForAll=false]
  ContentRole[name=denyAuthors,inherit=false,allowForAll=false]
  ContentRole[name=denyAdministrators,inherit=false,allowForAll=false]
  securityVector=143:SEC_PUBLIC=true,SEC_CREATOR_ADMIN=true,SEC_INH_ADMIN=true,SEC_INH_EDITOR=true,SEC_INH_VIEWER=true,SEC_ALL_ADMIN=false,SEC_ALL_EDITOR=false,SEC_ALL_VIEWER=false
]
2015-07-17 13:43:40.301 DEBUG content 2020 _a-0000db64-d317-8000-0315-010000010000_2020 Processing reference: ContentRole[name=readers,inherit=true,allowForAll=false]
2015-07-17 13:43:40.301 DEBUG content 2020 _a-0000db64-d317-8000-0315-010000010000_2020 Processing reference: ContentRole[name=authors,inherit=true,allowForAll=false]
2015-07-17 13:43:40.301 DEBUG content 2020 _a-0000db64-d317-8000-0315-010000010000_2020 Processing reference: ContentRole[name=administrators,usernames=[Administrator],inherit=true,allowForAll=false]
2015-07-17 13:43:40.302 DEBUG content 2020 _a-0000db64-d317-8000-0315-010000010000_2020 Processing reference: ContentRole[name=denyReaders,inherit=false,allowForAll=false]
2015-07-17 13:43:40.302 DEBUG content 2020 _a-0000db64-d317-8000-0315-010000010000_2020 Processing reference: ContentRole[name=denyAuthors,inherit=false,allowForAll=false]
2015-07-17 13:43:40.302 DEBUG content 2020 _a-0000db64-d317-8000-0315-010000010000_2020 Processing reference: ContentRole[name=denyAdministrators,inherit=false,allowForAll=false]
2015-07-17 13:43:40.302 DEBUG content 2020 _a-0000db64-d317-8000-0315-010000010000_2020 Exporting binary resources.
2015-07-17 13:43:40.302 DEBUG content 2020 _a-0000db64-d317-8000-0315-010000010000_2020 Serializing object to XML.
2015-07-17 13:43:40.303 DEBUG content 2020 _a-0000db64-d317-8000-0315-010000010000_2020 Object transported.
2015-07-17 13:43:40.304 DEBUG content 2021 d6a0ccac-8601-4d2d-91e3-368ada057b74 Processing reference: com.appiancorp.suiteapi.content.ContentRoleMap@344440c0[
  ContentRole[name=readers,inherit=true,allowForAll=false]
  ContentRole[name=authors,inherit=true,allowForAll=false]
  ContentRole[name=administrators,usernames=[Administrator],inherit=true,allowForAll=false]
  ContentRole[name=denyReaders,inherit=false,allowForAll=false]
  ContentRole[name=denyAuthors,inherit=false,allowForAll=false]
  ContentRole[name=denyAdministrators,inherit=false,allowForAll=false]
  securityVector=143:SEC_PUBLIC=true,SEC_CREATOR_ADMIN=true,SEC_INH_ADMIN=true,SEC_INH_EDITOR=true,SEC_INH_VIEWER=true,SEC_ALL_ADMIN=false,SEC_ALL_EDITOR=false,SEC_ALL_VIEWER=false
]
2015-07-17 13:43:40.304 DEBUG content 2021 d6a0ccac-8601-4d2d-91e3-368ada057b74 Processing reference: ContentRole[name=readers,inherit=true,allowForAll=false]
2015-07-17 13:43:40.304 DEBUG content 2021 d6a0ccac-8601-4d2d-91e3-368ada057b74 Processing reference: ContentRole[name=authors,inherit=true,allowForAll=false]
2015-07-17 13:43:40.304 DEBUG content 2021 d6a0ccac-8601-4d2d-91e3-368ada057b74 Processing reference: ContentRole[name=administrators,usernames=[Administrator],inherit=true,allowForAll=false]
2015-07-17 13:43:40.304 DEBUG content 2021 d6a0ccac-8601-4d2d-91e3-368ada057b74 Processing reference: ContentRole[name=denyReaders,inherit=false,allowForAll=false]
2015-07-17 13:43:40.304 DEBUG content 2021 d6a0ccac-8601-4d2d-91e3-368ada057b74 Processing reference: ContentRole[name=denyAuthors,inherit=false,allowForAll=false]
2015-07-17 13:43:40.305 DEBUG content 2021 d6a0ccac-8601-4d2d-91e3-368ada057b74 Processing reference: ContentRole[name=denyAdministrators,inherit=false,allowForAll=false]
2015-07-17 13:43:40.305 DEBUG content 2021 d6a0ccac-8601-4d2d-91e3-368ada057b74 Exporting binary resources.
2015-07-17 13:43:40.305 DEBUG content 2021 d6a0ccac-8601-4d2d-91e3-368ada057b74 Serializing object to XML.
2015-07-17 13:43:40.307 DEBUG content 2021 d6a0ccac-8601-4d2d-91e3-368ada057b74 Object transported.
2015-07-17 13:43:40.307 DEBUG content 2022 834bc680-32b0-46e6-9f3b-c42977b9253e Begin transport.
2015-07-17 13:43:40.307 DEBUG content 2022 834bc680-32b0-46e6-9f3b-c42977b9253e Retrieving object data.
2015-07-17 13:43:40.309 DEBUG content 2022 834bc680-32b0-46e6-9f3b-c42977b9253e Setting uuids of object references.
2015-07-17 13:43:40.309 DEBUG content 2022 834bc680-32b0-46e6-9f3b-c42977b9253e Processing reference: [Content:id=2022,versionId=-1,name=TEST_rule,description=,type=32,subtype=1,uuid=834bc680-32b0-46e6-9f3b-c42977b9253e,parent=2020,parentName=TEST Rule Folder,parentType=2,log=2022,logName=TEST_rule,state=255,visibility=35,security=143,creator=Administrator,createdTimestamp=2015-07-16 19:45:24.0,updatedTimestamp=2015-07-16 19:45:24.0,metadataIds=[],size=0,lockedBy=,changesRequireApproval=false,attributes={dep_rules=[Ljava.lang.Long;@7abe30b4, system=0, preferredEditor=null, hidden=0, ruletype=1, dep_functions=[Ljava.lang.String;@1f112c02, definition=="hello", dep_types=[Ljava.lang.String;@cac55b3, parameters=[Lcom.appiancorp.suiteapi.process.TypedVariable;@39be6748, dep_variables=[[Ljava.lang.String;@328ecb5b},partition=2,partitionName=/usr/local/appian/ae/_admin/accdocs2]
2015-07-17 13:43:40.309 DEBUG content 2022 834bc680-32b0-46e6-9f3b-c42977b9253e Processing reference: FreeformRule.forum
2015-07-17 13:43:40.31 DEBUG content 2022 834bc680-32b0-46e6-9f3b-c42977b9253e Processing reference: FreeformRule.parent
2015-07-17 13:43:40.311 DEBUG content 2022 834bc680-32b0-46e6-9f3b-c42977b9253e Processing reference: com.appiancorp.suiteapi.content.ContentRoleMap@67856760[
  ContentRole[name=readers,inherit=true,allowForAll=false]
  ContentRole[name=authors,inherit=true,allowForAll=false]
  ContentRole[name=administrators,usernames=[Administrator],inherit=true,allowForAll=false]
  ContentRole[name=denyReaders,inherit=false,allowForAll=false]
  ContentRole[name=denyAuthors,inherit=false,allowForAll=false]
  ContentRole[name=denyAdministrators,inherit=false,allowForAll=false]
  securityVector=143:SEC_PUBLIC=true,SEC_CREATOR_ADMIN=true,SEC_INH_ADMIN=true,SEC_INH_EDITOR=true,SEC_INH_VIEWER=true,SEC_ALL_ADMIN=false,SEC_ALL_EDITOR=false,SEC_ALL_VIEWER=false
]
2015-07-17 13:43:40.311 DEBUG content 2022 834bc680-32b0-46e6-9f3b-c42977b9253e Processing reference: ContentRole[name=readers,inherit=true,allowForAll=false]
2015-07-17 13:43:40.311 DEBUG content 2022 834bc680-32b0-46e6-9f3b-c42977b9253e Processing reference: ContentRole[name=authors,inherit=true,allowForAll=false]
2015-07-17 13:43:40.311 DEBUG content 2022 834bc680-32b0-46e6-9f3b-c42977b9253e Processing reference: ContentRole[name=administrators,usernames=[Administrator],inherit=true,allowForAll=false]
2015-07-17 13:43:40.312 DEBUG content 2022 834bc680-32b0-46e6-9f3b-c42977b9253e Processing reference: ContentRole[name=denyReaders,inherit=false,allowForAll=false]
2015-07-17 13:43:40.312 DEBUG content 2022 834bc680-32b0-46e6-9f3b-c42977b9253e Processing reference: ContentRole[name=denyAuthors,inherit=false,allowForAll=false]
2015-07-17 13:43:40.312 DEBUG content 2022 834bc680-32b0-46e6-9f3b-c42977b9253e Processing reference: ContentRole[name=denyAdministrators,inherit=false,allowForAll=false]
2015-07-17 13:43:40.312 DEBUG content 2022 834bc680-32b0-46e6-9f3b-c42977b9253e Exporting binary resources.
2015-07-17 13:43:40.312 DEBUG content 2022 834bc680-32b0-46e6-9f3b-c42977b9253e Serializing object to XML.
2015-07-17 13:43:40.313 DEBUG content 2022 834bc680-32b0-46e6-9f3b-c42977b9253e Object transported.
2015-07-17 13:43:40.314 DEBUG processModelFolder 1 _g-0000db64-d319-8000-0316-010000010000_1 Begin transport.
2015-07-17 13:43:40.314 DEBUG processModelFolder 1 _g-0000db64-d319-8000-0316-010000010000_1 Retrieving object data.
2015-07-17 13:43:40.316 DEBUG processModelFolder 1 _g-0000db64-d319-8000-0316-010000010000_1 Setting uuids of object references.
2015-07-17 13:43:40.316 DEBUG processModelFolder 1 _g-0000db64-d319-8000-0316-010000010000_1 Processing reference: ProcessModelFolder.parentFolderId
2015-07-17 13:43:40.317 DEBUG processModelFolder 1 _g-0000db64-d319-8000-0316-010000010000_1 Processing reference: com.appiancorp.suiteapi.process.ProcessRoleMap@73effb8d[
  Role[name=ADMIN_OWNER,usernames=[Administrator]]
  Role[name=EDITOR]
  Role[name=EXPLICIT_NONMEMBER]
  Role[name=VIEWER]
  Role[name=MANAGER]
  Role[name=INITIATOR]
]
2015-07-17 13:43:40.317 DEBUG processModelFolder 1 _g-0000db64-d319-8000-0316-010000010000_1 Processing reference: Role[name=ADMIN_OWNER,usernames=[Administrator]]
2015-07-17 13:43:40.317 DEBUG processModelFolder 1 _g-0000db64-d319-8000-0316-010000010000_1 Processing reference: Role[name=EDITOR]
2015-07-17 13:43:40.317 DEBUG processModelFolder 1 _g-0000db64-d319-8000-0316-010000010000_1 Processing reference: Role[name=EXPLICIT_NONMEMBER]
2015-07-17 13:43:40.317 DEBUG processModelFolder 1 _g-0000db64-d319-8000-0316-010000010000_1 Processing reference: Role[name=VIEWER]
2015-07-17 13:43:40.317 DEBUG processModelFolder 1 _g-0000db64-d319-8000-0316-010000010000_1 Processing reference: Role[name=MANAGER]
2015-07-17 13:43:40.317 DEBUG processModelFolder 1 _g-0000db64-d319-8000-0316-010000010000_1 Processing reference: Role[name=INITIATOR]
2015-07-17 13:43:40.317 DEBUG processModelFolder 1 _g-0000db64-d319-8000-0316-010000010000_1 Exporting binary resources.
2015-07-17 13:43:40.317 DEBUG processModelFolder 1 _g-0000db64-d319-8000-0316-010000010000_1 Serializing object to XML.
2015-07-17 13:43:40.318 DEBUG processModelFolder 1 _g-0000db64-d319-8000-0316-010000010000_1 Object transported.
2015-07-17 13:43:40.319 DEBUG processModel 0 0003db65-da22-8000-0316-010000010000 Begin transport.
2015-07-17 13:43:40.319 DEBUG processModel 0 0003db65-da22-8000-0316-010000010000 Retrieving object data.
2015-07-17 13:43:40.341 DEBUG processModel 0 0003db65-da22-8000-0316-010000010000 Setting uuids of object references.
2015-07-17 13:43:40.341 DEBUG processModel 0 0003db65-da22-8000-0316-010000010000 Processing reference: ProcessModelHaul.folderId
2015-07-17 13:43:40.342 DEBUG processModel 0 0003db65-da22-8000-0316-010000010000 Processing reference: ProcessModelHaul.modelDashboardPageId
2015-07-17 13:43:40.342 DEBUG processModel 0 0003db65-da22-8000-0316-010000010000 Processing reference: ProcessModelHaul.processDashboardPageId
2015-07-17 13:43:40.342 DEBUG processModel 0 0003db65-da22-8000-0316-010000010000 Processing reference: ProcessModel.emailAttachmentFolderId
2015-07-17 13:43:40.345 DEBUG processModel 0 0003db65-da22-8000-0316-010000010000 Processing reference: InternalForm.docId
2015-07-17 13:43:40.346 DEBUG processModel 0 0003db65-da22-8000-0316-010000010000 Processing reference: ActivityClassParameter[name=pmID,it=23,v=<null>]
2015-07-17 13:43:40.346 DEBUG processModel 0 0003db65-da22-8000-0316-010000010000 Processing reference: ActivityClassParameter[name=inMap,it=111,v={}]
2015-07-17 13:43:40.347 DEBUG processModel 0 0003db65-da22-8000-0316-010000010000 Processing reference: ActivityClassParameter[name=procInheritsPriority,it=1,v=1]
2015-07-17 13:43:40.347 DEBUG processModel 0 0003db65-da22-8000-0316-010000010000 Processing reference: ActivityClassParameter[name=pmUUID,it=3,v=]
2015-07-17 13:43:40.347 DEBUG processModel 0 0003db65-da22-8000-0316-010000010000 Processing reference: ActivityClassParameter[name=isAsynchronous,it=26,v=1]
2015-07-17 13:43:40.347 DEBUG processModel 0 0003db65-da22-8000-0316-010000010000 Processing reference: ActivityClassParameter[name=isTransparent,it=26,v=1]
2015-07-17 13:43:40.347 DEBUG processModel 0 0003db65-da22-8000-0316-010000010000 Processing reference: ActivityClassParameter[name=inheritSecurity,it=26,v=0]
2015-07-17 13:43:40.348 DEBUG processModel 0 0003db65-da22-8000-0316-010000010000 Processing reference: com.appiancorp.suiteapi.process.ProcessRoleMap@381874a4[
  Role[name=ADMIN_OWNER,usernames=[Administrator]]
  Role[name=EDITOR]
  Role[name=EXPLICIT_NONMEMBER]
  Role[name=VIEWER]
  Role[name=MANAGER]
  Role[name=INITIATOR]
]
2015-07-17 13:43:40.348 DEBUG processModel 0 0003db65-da22-8000-0316-010000010000 Processing reference: Role[name=ADMIN_OWNER,usernames=[Administrator]]
2015-07-17 13:43:40.349 DEBUG processModel 0 0003db65-da22-8000-0316-010000010000 Processing reference: Role[name=EDITOR]
2015-07-17 13:43:40.349 DEBUG processModel 0 0003db65-da22-8000-0316-010000010000 Processing reference: Role[name=EXPLICIT_NONMEMBER]
2015-07-17 13:43:40.349 DEBUG processModel 0 0003db65-da22-8000-0316-010000010000 Processing reference: Role[name=VIEWER]
2015-07-17 13:43:40.349 DEBUG processModel 0 0003db65-da22-8000-0316-010000010000 Processing reference: Role[name=MANAGER]
2015-07-17 13:43:40.349 DEBUG processModel 0 0003db65-da22-8000-0316-010000010000 Processing reference: Role[name=INITIATOR]
2015-07-17 13:43:40.35 DEBUG processModel 0 0003db65-da22-8000-0316-010000010000 Exporting binary resources.
2015-07-17 13:43:40.35 DEBUG processModel 0 0003db65-da22-8000-0316-010000010000 Serializing object to XML.
2015-07-17 13:43:40.389 DEBUG processModel 0 0003db65-da22-8000-0316-010000010000 Object transported.
2015-07-17 13:43:40.391 DEBUG recordType 2 96bef044-77f0-4e9f-a515-bee5ae0a1588 Begin transport.
2015-07-17 13:43:40.391 DEBUG recordType 2 96bef044-77f0-4e9f-a515-bee5ae0a1588 Retrieving object data.
2015-07-17 13:43:40.405 DEBUG recordType 2 96bef044-77f0-4e9f-a515-bee5ae0a1588 Setting uuids of object references.
2015-07-17 13:43:40.405 DEBUG recordType 2 96bef044-77f0-4e9f-a515-bee5ae0a1588 Processing reference: RecordType.dataSrcExpr
2015-07-17 13:43:40.405 DEBUG recordType 2 96bef044-77f0-4e9f-a515-bee5ae0a1588 Processing reference: RecordType.defaultFilters
2015-07-17 13:43:40.405 DEBUG recordType 2 96bef044-77f0-4e9f-a515-bee5ae0a1588 Processing reference: RecordType.defaultFiltersExpr
2015-07-17 13:43:40.405 DEBUG recordType 2 96bef044-77f0-4e9f-a515-bee5ae0a1588 Processing reference: DetailViewCfg.headerExpr
2015-07-17 13:43:40.405 DEBUG recordType 2 96bef044-77f0-4e9f-a515-bee5ae0a1588 Processing reference: DetailViewCfg.nameExpr
2015-07-17 13:43:40.405 DEBUG recordType 2 96bef044-77f0-4e9f-a515-bee5ae0a1588 Processing reference: DetailViewCfg.uiExpr
2015-07-17 13:43:40.407 DEBUG recordType 2 96bef044-77f0-4e9f-a515-bee5ae0a1588 Processing reference: DetailViewCfg.visibilityExpr
2015-07-17 13:43:40.407 DEBUG recordType 2 96bef044-77f0-4e9f-a515-bee5ae0a1588 Processing reference: RecordType.facetsListExpr
2015-07-17 13:43:40.407 DEBUG recordType 2 96bef044-77f0-4e9f-a515-bee5ae0a1588 Processing reference: RecordType.listViewTemplateExpr
2015-07-17 13:43:40.407 DEBUG recordType 2 96bef044-77f0-4e9f-a515-bee5ae0a1588 Processing reference: RecordType.source
2015-07-17 13:43:40.409 DEBUG recordType 2 96bef044-77f0-4e9f-a515-bee5ae0a1588 Exporting binary resources.
2015-07-17 13:43:40.409 DEBUG recordType 2 96bef044-77f0-4e9f-a515-bee5ae0a1588 Serializing object to XML.
2015-07-17 13:43:40.41 DEBUG recordType 2 96bef044-77f0-4e9f-a515-bee5ae0a1588 Object transported.
2015-07-17 13:43:40.41 DEBUG application 2028 _a-0000db64-d317-8000-0315-010000010000_2028 Exporting binary resources.
2015-07-17 13:43:40.41 DEBUG application 2028 _a-0000db64-d317-8000-0315-010000010000_2028 Serializing object to XML.
2015-07-17 13:43:40.414 DEBUG application 2028 _a-0000db64-d317-8000-0315-010000010000_2028 Object transported.
